<?xml version="1.0" encoding="UTF-8"?>
<testsuite name="ohtu.lyyrakortti.KassapaateTest" tests="4" skipped="0" failures="0" errors="0" timestamp="2017-11-21T15:48:45" hostname="fuxi16" time="0.349">
  <properties/>
  <testcase name="kortiltaVelotetaanHintaJosRahaaOn" classname="ohtu.lyyrakortti.KassapaateTest" time="0.346"/>
  <testcase name="kortilleEiLadataArvoaNegatiivisellaSummalla" classname="ohtu.lyyrakortti.KassapaateTest" time="0.0"/>
  <testcase name="kortilleLadataanSumma" classname="ohtu.lyyrakortti.KassapaateTest" time="0.0"/>
  <testcase name="kortiltaEiVelotetaJosRahaEiRiita" classname="ohtu.lyyrakortti.KassapaateTest" time="0.001"/>
  <system-out><![CDATA[]]></system-out>
  <system-err><![CDATA[]]></system-err>
</testsuite>
